<?xml version="1.0" encoding="UTF-8"?>
<!-- Generated by org.testng.reporters.JUnitReportReporter -->
<testsuite hostname="Siddheswar" failures="0" tests="1" name="crmProject.Basic" time="17.327" errors="0" timestamp="2022-01-30T17:07:40 IST" skipped="0">
  <testcase classname="crmProject.Basic" name="basic" time="17.327"/>
  <system-out/>
</testsuite> <!-- crmProject.Basic -->
